Arguments: 
  /usr/local/bin/node /usr/local/Cellar/yarn/1.22.17_2/libexec/bin/yarn.js init

PATH: 
  /usr/local/bin:/usr/bin:/bin:/usr/sbin:/sbin

Yarn version: 
  1.22.17

Node version: 
  14.17.6

Platform: 
  darwin x64

Trace: 
  Error: canceled
      at Interface.<anonymous> (/usr/local/Cellar/yarn/1.22.17_2/libexec/lib/cli.js:137143:13)
      at Interface.emit (events.js:400:28)
      at Interface._ttyWrite (readline.js:910:16)
      at ReadStream.onkeypress (readline.js:235:10)
      at ReadStream.emit (events.js:400:28)
      at emitKeys (internal/readline/utils.js:358:14)
      at emitKeys.next (<anonymous>)
      at ReadStream.onData (readline.js:1179:36)
      at ReadStream.emit (events.js:400:28)
      at addChunk (internal/streams/readable.js:290:12)

npm manifest: 
  {
    "name": "login-typescript",
    "version": "0.0.0",
    "scripts": {
      "dev": "vite",
      "build": "tsc && vite build",
      "preview": "vite preview"
    },
    "dependencies": {
      "react": "^17.0.2",
      "react-dom": "^17.0.2"
    },
    "devDependencies": {
      "@types/react": "^17.0.33",
      "@types/react-dom": "^17.0.10",
      "@vitejs/plugin-react": "^1.0.7",
      "typescript": "^4.4.4",
      "vite": "^2.7.2"
    }
  }

yarn manifest: 
  No manifest

Lockfile: 
  No lockfile
